[2019-11-07 21:55:01] app.ERROR: Class "AdminLinkWidgetController" not found in controllers/admin [] []
[2019-11-07 21:55:03] app.INFO: Exporting mail with theme modern for language Polski (Polish) [] []
[2019-11-07 21:55:03] app.INFO: Core output folder: /Applications/MAMP/htdocs/prestashop/mails [] []
[2019-11-07 21:55:03] app.INFO: Modules output folder: /Applications/MAMP/htdocs/prestashop/modules/ [] []
[2019-11-12 15:28:10] request.CRITICAL: Uncaught PHP Exception SmartyException: "Unable to load template 'file:controllers/modules/login_addons.tpl'" at /Applications/MAMP/htdocs/prestashop/vendor/smarty/smarty/libs/sysplugins/smarty_internal_template.php line 195 {"exception":"[object] (SmartyException(code: 0): Unable to load template 'file:controllers/modules/login_addons.tpl' at /Applications/MAMP/htdocs/prestashop/vendor/smarty/smarty/libs/sysplugins/smarty_internal_template.php:195)"} []
[2019-11-12 16:20:20] request.INFO: Matched route "admin_module_manage_action". {"route":"admin_module_manage_action","route_parameters":{"_controller":"PrestaShopBundle\\Controller\\Admin\\Improve\\ModuleController::moduleAction","action":"reset","module_name":"ps_customeraccountlinks","_route":"admin_module_manage_action"},"request_uri":"http://localhost:8888/prestashop/admin670zv1mc1/index.php/improve/modules/manage/action/reset/ps_customeraccountlinks?_token=yvENA8yauvos3UjsbSi23OIUi_dbosAh5VqGS4uB-vA","method":"POST"} []
[2019-11-12 16:20:20] security.DEBUG: Read existing security token from the session. {"key":"_security_main","token_class":"Symfony\\Component\\Security\\Core\\Authentication\\Token\\UsernamePasswordToken"} []
[2019-11-12 16:20:20] security.DEBUG: User was reloaded from a user provider. {"provider":"PrestaShopBundle\\Security\\Admin\\EmployeeProvider","username":"mat.budnik@outlook.com"} []
[2019-11-12 16:20:21] request.CRITICAL: Uncaught PHP Exception Symfony\Component\Debug\Exception\UndefinedMethodException: "Attempted to call an undefined method named "removeMyAccountBlockHook" of class "Ps_Customeraccountlinks"." at /Applications/MAMP/htdocs/prestashop/modules/ps_customeraccountlinks/ps_customeraccountlinks.php line 66 {"exception":"[object] (Symfony\\Component\\Debug\\Exception\\UndefinedMethodException(code: 0): Attempted to call an undefined method named \"removeMyAccountBlockHook\" of class \"Ps_Customeraccountlinks\". at /Applications/MAMP/htdocs/prestashop/modules/ps_customeraccountlinks/ps_customeraccountlinks.php:66)"} []
[2019-11-12 16:20:21] security.DEBUG: Stored the security token in the session. {"key":"_security_main"} []
[2019-11-12 16:20:45] request.INFO: Matched route "admin_module_manage_action". {"route":"admin_module_manage_action","route_parameters":{"_controller":"PrestaShopBundle\\Controller\\Admin\\Improve\\ModuleController::moduleAction","action":"reset","module_name":"ps_customeraccountlinks","_route":"admin_module_manage_action"},"request_uri":"http://localhost:8888/prestashop/admin670zv1mc1/index.php/improve/modules/manage/action/reset/ps_customeraccountlinks?_token=yvENA8yauvos3UjsbSi23OIUi_dbosAh5VqGS4uB-vA","method":"POST"} []
[2019-11-12 16:20:45] security.DEBUG: Read existing security token from the session. {"key":"_security_main","token_class":"Symfony\\Component\\Security\\Core\\Authentication\\Token\\UsernamePasswordToken"} []
[2019-11-12 16:20:45] security.DEBUG: User was reloaded from a user provider. {"provider":"PrestaShopBundle\\Security\\Admin\\EmployeeProvider","username":"mat.budnik@outlook.com"} []
[2019-11-12 16:20:45] app.ERROR: Wyjątek wyrzucany przez moduł ps_customeraccountlinks podczas reset. Nie masz uprawnień, aby zresetować moduł ps_customeraccountlinks. [] []
[2019-11-12 16:20:45] security.DEBUG: Stored the security token in the session. {"key":"_security_main"} []
[2019-11-12 16:28:01] request.INFO: Matched route "admin_module_manage_action". {"route":"admin_module_manage_action","route_parameters":{"_controller":"PrestaShopBundle\\Controller\\Admin\\Improve\\ModuleController::moduleAction","action":"reset","module_name":"ps_customeraccountlinks","_route":"admin_module_manage_action"},"request_uri":"http://localhost:8888/prestashop/admin670zv1mc1/index.php/improve/modules/manage/action/reset/ps_customeraccountlinks?_token=yvENA8yauvos3UjsbSi23OIUi_dbosAh5VqGS4uB-vA","method":"POST"} []
[2019-11-12 16:28:01] security.DEBUG: Read existing security token from the session. {"key":"_security_main","token_class":"Symfony\\Component\\Security\\Core\\Authentication\\Token\\UsernamePasswordToken"} []
[2019-11-12 16:28:01] security.DEBUG: User was reloaded from a user provider. {"provider":"PrestaShopBundle\\Security\\Admin\\EmployeeProvider","username":"mat.budnik@outlook.com"} []
[2019-11-12 16:28:01] request.CRITICAL: Uncaught PHP Exception Symfony\Component\Debug\Exception\UndefinedMethodException: "Attempted to call an undefined method named "removeMyAccountBlockHook" of class "Ps_Customeraccountlinks"." at /Applications/MAMP/htdocs/prestashop/modules/ps_customeraccountlinks/ps_customeraccountlinks.php line 66 {"exception":"[object] (Symfony\\Component\\Debug\\Exception\\UndefinedMethodException(code: 0): Attempted to call an undefined method named \"removeMyAccountBlockHook\" of class \"Ps_Customeraccountlinks\". at /Applications/MAMP/htdocs/prestashop/modules/ps_customeraccountlinks/ps_customeraccountlinks.php:66)"} []
[2019-11-12 16:28:01] security.DEBUG: Stored the security token in the session. {"key":"_security_main"} []
[2019-11-12 16:28:07] request.INFO: Matched route "admin_module_manage_action". {"route":"admin_module_manage_action","route_parameters":{"_controller":"PrestaShopBundle\\Controller\\Admin\\Improve\\ModuleController::moduleAction","action":"reset","module_name":"ps_customeraccountlinks","_route":"admin_module_manage_action"},"request_uri":"http://localhost:8888/prestashop/admin670zv1mc1/index.php/improve/modules/manage/action/reset/ps_customeraccountlinks?_token=yvENA8yauvos3UjsbSi23OIUi_dbosAh5VqGS4uB-vA","method":"POST"} []
[2019-11-12 16:28:07] security.DEBUG: Read existing security token from the session. {"key":"_security_main","token_class":"Symfony\\Component\\Security\\Core\\Authentication\\Token\\UsernamePasswordToken"} []
[2019-11-12 16:28:07] security.DEBUG: User was reloaded from a user provider. {"provider":"PrestaShopBundle\\Security\\Admin\\EmployeeProvider","username":"mat.budnik@outlook.com"} []
[2019-11-12 16:28:07] app.ERROR: Wyjątek wyrzucany przez moduł ps_customeraccountlinks podczas reset. Nie masz uprawnień, aby zresetować moduł ps_customeraccountlinks. [] []
[2019-11-12 16:28:07] security.DEBUG: Stored the security token in the session. {"key":"_security_main"} []
[2019-11-12 16:28:48] request.INFO: Matched route "admin_module_manage_action". {"route":"admin_module_manage_action","route_parameters":{"_controller":"PrestaShopBundle\\Controller\\Admin\\Improve\\ModuleController::moduleAction","action":"reset","module_name":"ps_customeraccountlinks","_route":"admin_module_manage_action"},"request_uri":"http://localhost:8888/prestashop/admin670zv1mc1/index.php/improve/modules/manage/action/reset/ps_customeraccountlinks?_token=yvENA8yauvos3UjsbSi23OIUi_dbosAh5VqGS4uB-vA","method":"POST"} []
[2019-11-12 16:28:48] security.DEBUG: Read existing security token from the session. {"key":"_security_main","token_class":"Symfony\\Component\\Security\\Core\\Authentication\\Token\\UsernamePasswordToken"} []
[2019-11-12 16:28:48] security.DEBUG: User was reloaded from a user provider. {"provider":"PrestaShopBundle\\Security\\Admin\\EmployeeProvider","username":"mat.budnik@outlook.com"} []
[2019-11-12 16:28:49] request.CRITICAL: Uncaught PHP Exception Symfony\Component\Debug\Exception\UndefinedMethodException: "Attempted to call an undefined method named "removeMyAccountBlockHook" of class "Ps_Customeraccountlinks"." at /Applications/MAMP/htdocs/prestashop/modules/ps_customeraccountlinks/ps_customeraccountlinks.php line 66 {"exception":"[object] (Symfony\\Component\\Debug\\Exception\\UndefinedMethodException(code: 0): Attempted to call an undefined method named \"removeMyAccountBlockHook\" of class \"Ps_Customeraccountlinks\". at /Applications/MAMP/htdocs/prestashop/modules/ps_customeraccountlinks/ps_customeraccountlinks.php:66)"} []
[2019-11-12 16:28:49] security.DEBUG: Stored the security token in the session. {"key":"_security_main"} []
[2019-11-12 16:29:03] request.INFO: Matched route "admin_module_manage_action". {"route":"admin_module_manage_action","route_parameters":{"_controller":"PrestaShopBundle\\Controller\\Admin\\Improve\\ModuleController::moduleAction","action":"reset","module_name":"ps_customeraccountlinks","_route":"admin_module_manage_action"},"request_uri":"http://localhost:8888/prestashop/admin670zv1mc1/index.php/improve/modules/manage/action/reset/ps_customeraccountlinks?_token=yvENA8yauvos3UjsbSi23OIUi_dbosAh5VqGS4uB-vA","method":"POST"} []
[2019-11-12 16:29:03] security.DEBUG: Read existing security token from the session. {"key":"_security_main","token_class":"Symfony\\Component\\Security\\Core\\Authentication\\Token\\UsernamePasswordToken"} []
[2019-11-12 16:29:03] security.DEBUG: User was reloaded from a user provider. {"provider":"PrestaShopBundle\\Security\\Admin\\EmployeeProvider","username":"mat.budnik@outlook.com"} []
[2019-11-12 16:29:03] app.ERROR: Wyjątek wyrzucany przez moduł ps_customeraccountlinks podczas reset. Nie masz uprawnień, aby zresetować moduł ps_customeraccountlinks. [] []
[2019-11-12 16:29:03] security.DEBUG: Stored the security token in the session. {"key":"_security_main"} []
[2019-11-12 16:30:03] request.INFO: Matched route "admin_module_manage_action". {"route":"admin_module_manage_action","route_parameters":{"_controller":"PrestaShopBundle\\Controller\\Admin\\Improve\\ModuleController::moduleAction","action":"uninstall","module_name":"ps_customeraccountlinks","_route":"admin_module_manage_action"},"request_uri":"http://localhost:8888/prestashop/admin670zv1mc1/index.php/improve/modules/manage/action/uninstall/ps_customeraccountlinks?_token=yvENA8yauvos3UjsbSi23OIUi_dbosAh5VqGS4uB-vA","method":"POST"} []
[2019-11-12 16:30:03] security.DEBUG: Read existing security token from the session. {"key":"_security_main","token_class":"Symfony\\Component\\Security\\Core\\Authentication\\Token\\UsernamePasswordToken"} []
[2019-11-12 16:30:03] security.DEBUG: User was reloaded from a user provider. {"provider":"PrestaShopBundle\\Security\\Admin\\EmployeeProvider","username":"mat.budnik@outlook.com"} []
[2019-11-12 16:30:03] app.ERROR: Wyjątek wyrzucany przez moduł ps_customeraccountlinks podczas uninstall. Nie masz uprawnień, aby odinstalować moduł ps_customeraccountlinks. [] []
[2019-11-12 16:30:03] security.DEBUG: Stored the security token in the session. {"key":"_security_main"} []
[2019-11-12 16:30:10] request.INFO: Matched route "admin_module_manage_action". {"route":"admin_module_manage_action","route_parameters":{"_controller":"PrestaShopBundle\\Controller\\Admin\\Improve\\ModuleController::moduleAction","action":"reset","module_name":"ps_customeraccountlinks","_route":"admin_module_manage_action"},"request_uri":"http://localhost:8888/prestashop/admin670zv1mc1/index.php/improve/modules/manage/action/reset/ps_customeraccountlinks?_token=yvENA8yauvos3UjsbSi23OIUi_dbosAh5VqGS4uB-vA","method":"POST"} []
[2019-11-12 16:30:10] security.DEBUG: Read existing security token from the session. {"key":"_security_main","token_class":"Symfony\\Component\\Security\\Core\\Authentication\\Token\\UsernamePasswordToken"} []
[2019-11-12 16:30:10] security.DEBUG: User was reloaded from a user provider. {"provider":"PrestaShopBundle\\Security\\Admin\\EmployeeProvider","username":"mat.budnik@outlook.com"} []
[2019-11-12 16:30:10] app.ERROR: Wyjątek wyrzucany przez moduł ps_customeraccountlinks podczas reset. Nie masz uprawnień, aby zresetować moduł ps_customeraccountlinks. [] []
[2019-11-12 16:30:10] security.DEBUG: Stored the security token in the session. {"key":"_security_main"} []
[2019-11-12 16:30:56] request.INFO: Matched route "admin_module_manage_action". {"route":"admin_module_manage_action","route_parameters":{"_controller":"PrestaShopBundle\\Controller\\Admin\\Improve\\ModuleController::moduleAction","action":"reset","module_name":"ps_customeraccountlinks","_route":"admin_module_manage_action"},"request_uri":"http://localhost:8888/prestashop/admin670zv1mc1/index.php/improve/modules/manage/action/reset/ps_customeraccountlinks?_token=yvENA8yauvos3UjsbSi23OIUi_dbosAh5VqGS4uB-vA","method":"POST"} []
[2019-11-12 16:30:56] security.DEBUG: Read existing security token from the session. {"key":"_security_main","token_class":"Symfony\\Component\\Security\\Core\\Authentication\\Token\\UsernamePasswordToken"} []
[2019-11-12 16:30:56] security.DEBUG: User was reloaded from a user provider. {"provider":"PrestaShopBundle\\Security\\Admin\\EmployeeProvider","username":"mat.budnik@outlook.com"} []
[2019-11-12 16:31:01] request.CRITICAL: Uncaught PHP Exception Symfony\Component\Debug\Exception\UndefinedMethodException: "Attempted to call an undefined method named "removeMyAccountBlockHook" of class "Ps_Customeraccountlinks"." at /Applications/MAMP/htdocs/prestashop/modules/ps_customeraccountlinks/ps_customeraccountlinks.php line 66 {"exception":"[object] (Symfony\\Component\\Debug\\Exception\\UndefinedMethodException(code: 0): Attempted to call an undefined method named \"removeMyAccountBlockHook\" of class \"Ps_Customeraccountlinks\". at /Applications/MAMP/htdocs/prestashop/modules/ps_customeraccountlinks/ps_customeraccountlinks.php:66)"} []
[2019-11-12 16:31:01] security.DEBUG: Stored the security token in the session. {"key":"_security_main"} []
[2019-11-12 16:31:12] request.INFO: Matched route "admin_module_manage_action". {"route":"admin_module_manage_action","route_parameters":{"_controller":"PrestaShopBundle\\Controller\\Admin\\Improve\\ModuleController::moduleAction","action":"uninstall","module_name":"ps_customeraccountlinks","_route":"admin_module_manage_action"},"request_uri":"http://localhost:8888/prestashop/admin670zv1mc1/index.php/improve/modules/manage/action/uninstall/ps_customeraccountlinks?_token=yvENA8yauvos3UjsbSi23OIUi_dbosAh5VqGS4uB-vA","method":"POST"} []
[2019-11-12 16:31:12] security.DEBUG: Read existing security token from the session. {"key":"_security_main","token_class":"Symfony\\Component\\Security\\Core\\Authentication\\Token\\UsernamePasswordToken"} []
[2019-11-12 16:31:12] security.DEBUG: User was reloaded from a user provider. {"provider":"PrestaShopBundle\\Security\\Admin\\EmployeeProvider","username":"mat.budnik@outlook.com"} []
[2019-11-12 16:31:12] app.ERROR: Wyjątek wyrzucany przez moduł ps_customeraccountlinks podczas uninstall. Nie masz uprawnień, aby odinstalować moduł ps_customeraccountlinks. [] []
[2019-11-12 16:31:12] security.DEBUG: Stored the security token in the session. {"key":"_security_main"} []
[2019-11-12 16:31:12] request.INFO: Matched route "admin_module_manage_action". {"route":"admin_module_manage_action","route_parameters":{"_controller":"PrestaShopBundle\\Controller\\Admin\\Improve\\ModuleController::moduleAction","action":"uninstall","module_name":"ps_customeraccountlinks","_route":"admin_module_manage_action"},"request_uri":"http://localhost:8888/prestashop/admin670zv1mc1/index.php/improve/modules/manage/action/uninstall/ps_customeraccountlinks?_token=yvENA8yauvos3UjsbSi23OIUi_dbosAh5VqGS4uB-vA","method":"POST"} []
[2019-11-12 16:31:12] security.DEBUG: Read existing security token from the session. {"key":"_security_main","token_class":"Symfony\\Component\\Security\\Core\\Authentication\\Token\\UsernamePasswordToken"} []
[2019-11-12 16:31:12] security.DEBUG: User was reloaded from a user provider. {"provider":"PrestaShopBundle\\Security\\Admin\\EmployeeProvider","username":"mat.budnik@outlook.com"} []
[2019-11-12 16:31:12] app.ERROR: Wyjątek wyrzucany przez moduł ps_customeraccountlinks podczas uninstall. Nie masz uprawnień, aby odinstalować moduł ps_customeraccountlinks. [] []
[2019-11-12 16:31:12] security.DEBUG: Stored the security token in the session. {"key":"_security_main"} []
[2019-11-12 16:31:55] request.INFO: Matched route "admin_module_manage_action". {"route":"admin_module_manage_action","route_parameters":{"_controller":"PrestaShopBundle\\Controller\\Admin\\Improve\\ModuleController::moduleAction","action":"uninstall","module_name":"ps_customeraccountlinks","_route":"admin_module_manage_action"},"request_uri":"http://localhost:8888/prestashop/admin670zv1mc1/index.php/improve/modules/manage/action/uninstall/ps_customeraccountlinks?_token=yvENA8yauvos3UjsbSi23OIUi_dbosAh5VqGS4uB-vA","method":"POST"} []
[2019-11-12 16:31:55] security.DEBUG: Read existing security token from the session. {"key":"_security_main","token_class":"Symfony\\Component\\Security\\Core\\Authentication\\Token\\UsernamePasswordToken"} []
[2019-11-12 16:31:55] security.DEBUG: User was reloaded from a user provider. {"provider":"PrestaShopBundle\\Security\\Admin\\EmployeeProvider","username":"mat.budnik@outlook.com"} []
[2019-11-12 16:31:55] request.CRITICAL: Uncaught PHP Exception Symfony\Component\Debug\Exception\UndefinedMethodException: "Attempted to call an undefined method named "removeMyAccountBlockHook" of class "Ps_Customeraccountlinks"." at /Applications/MAMP/htdocs/prestashop/modules/ps_customeraccountlinks/ps_customeraccountlinks.php line 66 {"exception":"[object] (Symfony\\Component\\Debug\\Exception\\UndefinedMethodException(code: 0): Attempted to call an undefined method named \"removeMyAccountBlockHook\" of class \"Ps_Customeraccountlinks\". at /Applications/MAMP/htdocs/prestashop/modules/ps_customeraccountlinks/ps_customeraccountlinks.php:66)"} []
[2019-11-12 16:31:55] security.DEBUG: Stored the security token in the session. {"key":"_security_main"} []
[2019-11-12 16:32:01] request.INFO: Matched route "admin_module_manage_action". {"route":"admin_module_manage_action","route_parameters":{"_controller":"PrestaShopBundle\\Controller\\Admin\\Improve\\ModuleController::moduleAction","action":"disable","module_name":"ps_customeraccountlinks","_route":"admin_module_manage_action"},"request_uri":"http://localhost:8888/prestashop/admin670zv1mc1/index.php/improve/modules/manage/action/disable/ps_customeraccountlinks?_token=yvENA8yauvos3UjsbSi23OIUi_dbosAh5VqGS4uB-vA","method":"POST"} []
[2019-11-12 16:32:01] security.DEBUG: Read existing security token from the session. {"key":"_security_main","token_class":"Symfony\\Component\\Security\\Core\\Authentication\\Token\\UsernamePasswordToken"} []
[2019-11-12 16:32:01] security.DEBUG: User was reloaded from a user provider. {"provider":"PrestaShopBundle\\Security\\Admin\\EmployeeProvider","username":"mat.budnik@outlook.com"} []
[2019-11-12 16:32:01] app.ERROR: Wyjątek wyrzucany przez moduł ps_customeraccountlinks podczas disable. Nie masz uprawnień, aby wyłączyć moduł ps_customeraccountlinks. [] []
[2019-11-12 16:32:01] security.DEBUG: Stored the security token in the session. {"key":"_security_main"} []
[2019-11-12 16:32:25] request.INFO: Matched route "admin_module_manage_action". {"route":"admin_module_manage_action","route_parameters":{"_controller":"PrestaShopBundle\\Controller\\Admin\\Improve\\ModuleController::moduleAction","action":"uninstall","module_name":"ps_customeraccountlinks","_route":"admin_module_manage_action"},"request_uri":"http://localhost:8888/prestashop/admin670zv1mc1/index.php/improve/modules/manage/action/uninstall/ps_customeraccountlinks?_token=yvENA8yauvos3UjsbSi23OIUi_dbosAh5VqGS4uB-vA","method":"POST"} []
[2019-11-12 16:32:25] security.DEBUG: Read existing security token from the session. {"key":"_security_main","token_class":"Symfony\\Component\\Security\\Core\\Authentication\\Token\\UsernamePasswordToken"} []
[2019-11-12 16:32:25] security.DEBUG: User was reloaded from a user provider. {"provider":"PrestaShopBundle\\Security\\Admin\\EmployeeProvider","username":"mat.budnik@outlook.com"} []
[2019-11-12 16:32:25] app.ERROR: Wyjątek wyrzucany przez moduł ps_customeraccountlinks podczas uninstall. Nie masz uprawnień, aby odinstalować moduł ps_customeraccountlinks. [] []
[2019-11-12 16:32:25] security.DEBUG: Stored the security token in the session. {"key":"_security_main"} []
[2019-11-12 16:32:25] request.INFO: Matched route "admin_module_manage_action". {"route":"admin_module_manage_action","route_parameters":{"_controller":"PrestaShopBundle\\Controller\\Admin\\Improve\\ModuleController::moduleAction","action":"uninstall","module_name":"ps_customeraccountlinks","_route":"admin_module_manage_action"},"request_uri":"http://localhost:8888/prestashop/admin670zv1mc1/index.php/improve/modules/manage/action/uninstall/ps_customeraccountlinks?_token=yvENA8yauvos3UjsbSi23OIUi_dbosAh5VqGS4uB-vA","method":"POST"} []
[2019-11-12 16:32:25] security.DEBUG: Read existing security token from the session. {"key":"_security_main","token_class":"Symfony\\Component\\Security\\Core\\Authentication\\Token\\UsernamePasswordToken"} []
[2019-11-12 16:32:25] security.DEBUG: User was reloaded from a user provider. {"provider":"PrestaShopBundle\\Security\\Admin\\EmployeeProvider","username":"mat.budnik@outlook.com"} []
[2019-11-12 16:32:25] app.ERROR: Wyjątek wyrzucany przez moduł ps_customeraccountlinks podczas uninstall. Nie masz uprawnień, aby odinstalować moduł ps_customeraccountlinks. [] []
[2019-11-12 16:32:25] security.DEBUG: Stored the security token in the session. {"key":"_security_main"} []
[2019-11-12 16:32:41] request.INFO: Matched route "admin_module_manage_action". {"route":"admin_module_manage_action","route_parameters":{"_controller":"PrestaShopBundle\\Controller\\Admin\\Improve\\ModuleController::moduleAction","action":"uninstall","module_name":"ps_customeraccountlinks","_route":"admin_module_manage_action"},"request_uri":"http://localhost:8888/prestashop/admin670zv1mc1/index.php/improve/modules/manage/action/uninstall/ps_customeraccountlinks?_token=yvENA8yauvos3UjsbSi23OIUi_dbosAh5VqGS4uB-vA","method":"POST"} []
[2019-11-12 16:32:41] security.DEBUG: Read existing security token from the session. {"key":"_security_main","token_class":"Symfony\\Component\\Security\\Core\\Authentication\\Token\\UsernamePasswordToken"} []
[2019-11-12 16:32:41] security.DEBUG: User was reloaded from a user provider. {"provider":"PrestaShopBundle\\Security\\Admin\\EmployeeProvider","username":"mat.budnik@outlook.com"} []
[2019-11-12 16:32:42] app.ERROR: Wyjątek wyrzucany przez moduł ps_customeraccountlinks podczas uninstall. Nie masz uprawnień, aby odinstalować moduł ps_customeraccountlinks. [] []
[2019-11-12 16:32:42] security.DEBUG: Stored the security token in the session. {"key":"_security_main"} []
[2019-11-12 16:32:41] request.INFO: Matched route "admin_module_manage_action". {"route":"admin_module_manage_action","route_parameters":{"_controller":"PrestaShopBundle\\Controller\\Admin\\Improve\\ModuleController::moduleAction","action":"uninstall","module_name":"ps_customeraccountlinks","_route":"admin_module_manage_action"},"request_uri":"http://localhost:8888/prestashop/admin670zv1mc1/index.php/improve/modules/manage/action/uninstall/ps_customeraccountlinks?_token=yvENA8yauvos3UjsbSi23OIUi_dbosAh5VqGS4uB-vA","method":"POST"} []
[2019-11-12 16:32:42] security.DEBUG: Read existing security token from the session. {"key":"_security_main","token_class":"Symfony\\Component\\Security\\Core\\Authentication\\Token\\UsernamePasswordToken"} []
[2019-11-12 16:32:42] security.DEBUG: User was reloaded from a user provider. {"provider":"PrestaShopBundle\\Security\\Admin\\EmployeeProvider","username":"mat.budnik@outlook.com"} []
[2019-11-12 16:32:42] app.ERROR: Wyjątek wyrzucany przez moduł ps_customeraccountlinks podczas uninstall. Nie masz uprawnień, aby odinstalować moduł ps_customeraccountlinks. [] []
[2019-11-12 16:32:42] security.DEBUG: Stored the security token in the session. {"key":"_security_main"} []
[2019-11-12 16:32:41] request.INFO: Matched route "admin_module_manage_action". {"route":"admin_module_manage_action","route_parameters":{"_controller":"PrestaShopBundle\\Controller\\Admin\\Improve\\ModuleController::moduleAction","action":"uninstall","module_name":"ps_customeraccountlinks","_route":"admin_module_manage_action"},"request_uri":"http://localhost:8888/prestashop/admin670zv1mc1/index.php/improve/modules/manage/action/uninstall/ps_customeraccountlinks?_token=yvENA8yauvos3UjsbSi23OIUi_dbosAh5VqGS4uB-vA","method":"POST"} []
[2019-11-12 16:32:42] security.DEBUG: Read existing security token from the session. {"key":"_security_main","token_class":"Symfony\\Component\\Security\\Core\\Authentication\\Token\\UsernamePasswordToken"} []
[2019-11-12 16:32:42] security.DEBUG: User was reloaded from a user provider. {"provider":"PrestaShopBundle\\Security\\Admin\\EmployeeProvider","username":"mat.budnik@outlook.com"} []
[2019-11-12 16:32:42] app.ERROR: Wyjątek wyrzucany przez moduł ps_customeraccountlinks podczas uninstall. Nie masz uprawnień, aby odinstalować moduł ps_customeraccountlinks. [] []
[2019-11-12 16:32:42] security.DEBUG: Stored the security token in the session. {"key":"_security_main"} []
[2019-11-12 16:32:59] request.INFO: Matched route "admin_module_manage_action". {"route":"admin_module_manage_action","route_parameters":{"_controller":"PrestaShopBundle\\Controller\\Admin\\Improve\\ModuleController::moduleAction","action":"disable","module_name":"ps_customeraccountlinks","_route":"admin_module_manage_action"},"request_uri":"http://localhost:8888/prestashop/admin670zv1mc1/index.php/improve/modules/manage/action/disable/ps_customeraccountlinks?_token=yvENA8yauvos3UjsbSi23OIUi_dbosAh5VqGS4uB-vA","method":"POST"} []
[2019-11-12 16:32:59] security.DEBUG: Read existing security token from the session. {"key":"_security_main","token_class":"Symfony\\Component\\Security\\Core\\Authentication\\Token\\UsernamePasswordToken"} []
[2019-11-12 16:32:59] security.DEBUG: User was reloaded from a user provider. {"provider":"PrestaShopBundle\\Security\\Admin\\EmployeeProvider","username":"mat.budnik@outlook.com"} []
[2019-11-12 16:32:59] app.ERROR: Wyjątek wyrzucany przez moduł ps_customeraccountlinks podczas disable. Nie masz uprawnień, aby wyłączyć moduł ps_customeraccountlinks. [] []
[2019-11-12 16:33:00] security.DEBUG: Stored the security token in the session. {"key":"_security_main"} []
[2019-11-12 16:35:31] request.INFO: Matched route "admin_module_manage_action". {"route":"admin_module_manage_action","route_parameters":{"_controller":"PrestaShopBundle\\Controller\\Admin\\Improve\\ModuleController::moduleAction","action":"uninstall","module_name":"ps_customeraccountlinks","_route":"admin_module_manage_action"},"request_uri":"http://localhost:8888/prestashop/admin670zv1mc1/index.php/improve/modules/manage/action/uninstall/ps_customeraccountlinks?_token=yvENA8yauvos3UjsbSi23OIUi_dbosAh5VqGS4uB-vA","method":"POST"} []
[2019-11-12 16:35:31] security.DEBUG: Read existing security token from the session. {"key":"_security_main","token_class":"Symfony\\Component\\Security\\Core\\Authentication\\Token\\UsernamePasswordToken"} []
[2019-11-12 16:35:31] security.DEBUG: User was reloaded from a user provider. {"provider":"PrestaShopBundle\\Security\\Admin\\EmployeeProvider","username":"mat.budnik@outlook.com"} []
[2019-11-12 16:35:31] app.ERROR: Wyjątek wyrzucany przez moduł ps_customeraccountlinks podczas uninstall. Nie masz uprawnień, aby odinstalować moduł ps_customeraccountlinks. [] []
[2019-11-12 16:35:31] security.DEBUG: Stored the security token in the session. {"key":"_security_main"} []
[2019-11-12 16:35:31] request.INFO: Matched route "admin_module_manage_action". {"route":"admin_module_manage_action","route_parameters":{"_controller":"PrestaShopBundle\\Controller\\Admin\\Improve\\ModuleController::moduleAction","action":"uninstall","module_name":"ps_customeraccountlinks","_route":"admin_module_manage_action"},"request_uri":"http://localhost:8888/prestashop/admin670zv1mc1/index.php/improve/modules/manage/action/uninstall/ps_customeraccountlinks?_token=yvENA8yauvos3UjsbSi23OIUi_dbosAh5VqGS4uB-vA","method":"POST"} []
[2019-11-12 16:35:31] security.DEBUG: Read existing security token from the session. {"key":"_security_main","token_class":"Symfony\\Component\\Security\\Core\\Authentication\\Token\\UsernamePasswordToken"} []
[2019-11-12 16:35:31] security.DEBUG: User was reloaded from a user provider. {"provider":"PrestaShopBundle\\Security\\Admin\\EmployeeProvider","username":"mat.budnik@outlook.com"} []
[2019-11-12 16:35:32] app.ERROR: Wyjątek wyrzucany przez moduł ps_customeraccountlinks podczas uninstall. Nie masz uprawnień, aby odinstalować moduł ps_customeraccountlinks. [] []
[2019-11-12 16:35:32] security.DEBUG: Stored the security token in the session. {"key":"_security_main"} []
[2019-11-12 16:35:31] request.INFO: Matched route "admin_module_manage_action". {"route":"admin_module_manage_action","route_parameters":{"_controller":"PrestaShopBundle\\Controller\\Admin\\Improve\\ModuleController::moduleAction","action":"uninstall","module_name":"ps_customeraccountlinks","_route":"admin_module_manage_action"},"request_uri":"http://localhost:8888/prestashop/admin670zv1mc1/index.php/improve/modules/manage/action/uninstall/ps_customeraccountlinks?_token=yvENA8yauvos3UjsbSi23OIUi_dbosAh5VqGS4uB-vA","method":"POST"} []
[2019-11-12 16:35:32] security.DEBUG: Read existing security token from the session. {"key":"_security_main","token_class":"Symfony\\Component\\Security\\Core\\Authentication\\Token\\UsernamePasswordToken"} []
[2019-11-12 16:35:32] security.DEBUG: User was reloaded from a user provider. {"provider":"PrestaShopBundle\\Security\\Admin\\EmployeeProvider","username":"mat.budnik@outlook.com"} []
[2019-11-12 16:35:32] app.ERROR: Wyjątek wyrzucany przez moduł ps_customeraccountlinks podczas uninstall. Nie masz uprawnień, aby odinstalować moduł ps_customeraccountlinks. [] []
[2019-11-12 16:35:32] security.DEBUG: Stored the security token in the session. {"key":"_security_main"} []
[2019-11-12 16:35:31] request.INFO: Matched route "admin_module_manage_action". {"route":"admin_module_manage_action","route_parameters":{"_controller":"PrestaShopBundle\\Controller\\Admin\\Improve\\ModuleController::moduleAction","action":"uninstall","module_name":"ps_customeraccountlinks","_route":"admin_module_manage_action"},"request_uri":"http://localhost:8888/prestashop/admin670zv1mc1/index.php/improve/modules/manage/action/uninstall/ps_customeraccountlinks?_token=yvENA8yauvos3UjsbSi23OIUi_dbosAh5VqGS4uB-vA","method":"POST"} []
[2019-11-12 16:35:32] security.DEBUG: Read existing security token from the session. {"key":"_security_main","token_class":"Symfony\\Component\\Security\\Core\\Authentication\\Token\\UsernamePasswordToken"} []
[2019-11-12 16:35:32] security.DEBUG: User was reloaded from a user provider. {"provider":"PrestaShopBundle\\Security\\Admin\\EmployeeProvider","username":"mat.budnik@outlook.com"} []
[2019-11-12 16:35:32] app.ERROR: Wyjątek wyrzucany przez moduł ps_customeraccountlinks podczas uninstall. Nie masz uprawnień, aby odinstalować moduł ps_customeraccountlinks. [] []
[2019-11-12 16:35:32] security.DEBUG: Stored the security token in the session. {"key":"_security_main"} []
[2019-11-12 16:36:00] request.INFO: Matched route "admin_module_manage_action". {"route":"admin_module_manage_action","route_parameters":{"_controller":"PrestaShopBundle\\Controller\\Admin\\Improve\\ModuleController::moduleAction","action":"disable","module_name":"ps_customeraccountlinks","_route":"admin_module_manage_action"},"request_uri":"http://localhost:8888/prestashop/admin670zv1mc1/index.php/improve/modules/manage/action/disable/ps_customeraccountlinks?_token=yvENA8yauvos3UjsbSi23OIUi_dbosAh5VqGS4uB-vA","method":"POST"} []
[2019-11-12 16:36:00] security.DEBUG: Read existing security token from the session. {"key":"_security_main","token_class":"Symfony\\Component\\Security\\Core\\Authentication\\Token\\UsernamePasswordToken"} []
[2019-11-12 16:36:00] security.DEBUG: User was reloaded from a user provider. {"provider":"PrestaShopBundle\\Security\\Admin\\EmployeeProvider","username":"mat.budnik@outlook.com"} []
[2019-11-12 16:36:00] app.ERROR: Wyjątek wyrzucany przez moduł ps_customeraccountlinks podczas disable. Nie masz uprawnień, aby wyłączyć moduł ps_customeraccountlinks. [] []
[2019-11-12 16:36:00] security.DEBUG: Stored the security token in the session. {"key":"_security_main"} []
[2019-11-12 16:36:46] request.INFO: Matched route "admin_module_manage_action". {"route":"admin_module_manage_action","route_parameters":{"_controller":"PrestaShopBundle\\Controller\\Admin\\Improve\\ModuleController::moduleAction","action":"uninstall","module_name":"ps_customeraccountlinks","_route":"admin_module_manage_action"},"request_uri":"http://localhost:8888/prestashop/admin670zv1mc1/index.php/improve/modules/manage/action/uninstall/ps_customeraccountlinks?_token=yvENA8yauvos3UjsbSi23OIUi_dbosAh5VqGS4uB-vA","method":"POST"} []
[2019-11-12 16:36:46] security.DEBUG: Read existing security token from the session. {"key":"_security_main","token_class":"Symfony\\Component\\Security\\Core\\Authentication\\Token\\UsernamePasswordToken"} []
[2019-11-12 16:36:46] security.DEBUG: User was reloaded from a user provider. {"provider":"PrestaShopBundle\\Security\\Admin\\EmployeeProvider","username":"mat.budnik@outlook.com"} []
[2019-11-12 16:36:48] request.CRITICAL: Uncaught PHP Exception Symfony\Component\Debug\Exception\UndefinedMethodException: "Attempted to call an undefined method named "removeMyAccountBlockHook" of class "Ps_Customeraccountlinks"." at /Applications/MAMP/htdocs/prestashop/modules/ps_customeraccountlinks/ps_customeraccountlinks.php line 66 {"exception":"[object] (Symfony\\Component\\Debug\\Exception\\UndefinedMethodException(code: 0): Attempted to call an undefined method named \"removeMyAccountBlockHook\" of class \"Ps_Customeraccountlinks\". at /Applications/MAMP/htdocs/prestashop/modules/ps_customeraccountlinks/ps_customeraccountlinks.php:66)"} []
[2019-11-12 16:36:48] security.DEBUG: Stored the security token in the session. {"key":"_security_main"} []
[2019-11-12 16:36:46] request.INFO: Matched route "admin_module_manage_action". {"route":"admin_module_manage_action","route_parameters":{"_controller":"PrestaShopBundle\\Controller\\Admin\\Improve\\ModuleController::moduleAction","action":"uninstall","module_name":"ps_customeraccountlinks","_route":"admin_module_manage_action"},"request_uri":"http://localhost:8888/prestashop/admin670zv1mc1/index.php/improve/modules/manage/action/uninstall/ps_customeraccountlinks?_token=yvENA8yauvos3UjsbSi23OIUi_dbosAh5VqGS4uB-vA","method":"POST"} []
[2019-11-12 16:36:48] security.DEBUG: Read existing security token from the session. {"key":"_security_main","token_class":"Symfony\\Component\\Security\\Core\\Authentication\\Token\\UsernamePasswordToken"} []
[2019-11-12 16:36:48] security.DEBUG: User was reloaded from a user provider. {"provider":"PrestaShopBundle\\Security\\Admin\\EmployeeProvider","username":"mat.budnik@outlook.com"} []
[2019-11-12 16:36:48] app.ERROR: Wyjątek wyrzucany przez moduł ps_customeraccountlinks podczas uninstall. Nie masz uprawnień, aby odinstalować moduł ps_customeraccountlinks. [] []
[2019-11-12 16:36:48] security.DEBUG: Stored the security token in the session. {"key":"_security_main"} []
[2019-11-12 16:36:46] request.INFO: Matched route "admin_module_manage_action". {"route":"admin_module_manage_action","route_parameters":{"_controller":"PrestaShopBundle\\Controller\\Admin\\Improve\\ModuleController::moduleAction","action":"uninstall","module_name":"ps_customeraccountlinks","_route":"admin_module_manage_action"},"request_uri":"http://localhost:8888/prestashop/admin670zv1mc1/index.php/improve/modules/manage/action/uninstall/ps_customeraccountlinks?_token=yvENA8yauvos3UjsbSi23OIUi_dbosAh5VqGS4uB-vA","method":"POST"} []
[2019-11-12 16:36:48] security.DEBUG: Read existing security token from the session. {"key":"_security_main","token_class":"Symfony\\Component\\Security\\Core\\Authentication\\Token\\UsernamePasswordToken"} []
[2019-11-12 16:36:48] security.DEBUG: User was reloaded from a user provider. {"provider":"PrestaShopBundle\\Security\\Admin\\EmployeeProvider","username":"mat.budnik@outlook.com"} []
[2019-11-12 16:36:48] app.ERROR: Wyjątek wyrzucany przez moduł ps_customeraccountlinks podczas uninstall. Nie masz uprawnień, aby odinstalować moduł ps_customeraccountlinks. [] []
[2019-11-12 16:36:48] security.DEBUG: Stored the security token in the session. {"key":"_security_main"} []
[2019-11-12 16:36:46] request.INFO: Matched route "admin_module_manage_action". {"route":"admin_module_manage_action","route_parameters":{"_controller":"PrestaShopBundle\\Controller\\Admin\\Improve\\ModuleController::moduleAction","action":"uninstall","module_name":"ps_customeraccountlinks","_route":"admin_module_manage_action"},"request_uri":"http://localhost:8888/prestashop/admin670zv1mc1/index.php/improve/modules/manage/action/uninstall/ps_customeraccountlinks?_token=yvENA8yauvos3UjsbSi23OIUi_dbosAh5VqGS4uB-vA","method":"POST"} []
[2019-11-12 16:36:48] security.DEBUG: Read existing security token from the session. {"key":"_security_main","token_class":"Symfony\\Component\\Security\\Core\\Authentication\\Token\\UsernamePasswordToken"} []
[2019-11-12 16:36:48] security.DEBUG: User was reloaded from a user provider. {"provider":"PrestaShopBundle\\Security\\Admin\\EmployeeProvider","username":"mat.budnik@outlook.com"} []
[2019-11-12 16:36:48] app.ERROR: Wyjątek wyrzucany przez moduł ps_customeraccountlinks podczas uninstall. Nie masz uprawnień, aby odinstalować moduł ps_customeraccountlinks. [] []
[2019-11-12 16:36:48] security.DEBUG: Stored the security token in the session. {"key":"_security_main"} []
[2019-11-12 16:36:46] request.INFO: Matched route "admin_module_manage_action". {"route":"admin_module_manage_action","route_parameters":{"_controller":"PrestaShopBundle\\Controller\\Admin\\Improve\\ModuleController::moduleAction","action":"uninstall","module_name":"ps_customeraccountlinks","_route":"admin_module_manage_action"},"request_uri":"http://localhost:8888/prestashop/admin670zv1mc1/index.php/improve/modules/manage/action/uninstall/ps_customeraccountlinks?_token=yvENA8yauvos3UjsbSi23OIUi_dbosAh5VqGS4uB-vA","method":"POST"} []
[2019-11-12 16:36:48] security.DEBUG: Read existing security token from the session. {"key":"_security_main","token_class":"Symfony\\Component\\Security\\Core\\Authentication\\Token\\UsernamePasswordToken"} []
[2019-11-12 16:36:48] security.DEBUG: User was reloaded from a user provider. {"provider":"PrestaShopBundle\\Security\\Admin\\EmployeeProvider","username":"mat.budnik@outlook.com"} []
[2019-11-12 16:36:48] app.ERROR: Wyjątek wyrzucany przez moduł ps_customeraccountlinks podczas uninstall. Nie masz uprawnień, aby odinstalować moduł ps_customeraccountlinks. [] []
[2019-11-12 16:36:48] security.DEBUG: Stored the security token in the session. {"key":"_security_main"} []
[2019-11-12 17:14:40] request.INFO: Matched route "admin_module_manage_action". {"route":"admin_module_manage_action","route_parameters":{"_controller":"PrestaShopBundle\\Controller\\Admin\\Improve\\ModuleController::moduleAction","action":"reset","module_name":"ps_customeraccountlinks","_route":"admin_module_manage_action"},"request_uri":"http://localhost:8888/prestashop/admin670zv1mc1/index.php/improve/modules/manage/action/reset/ps_customeraccountlinks?_token=yvENA8yauvos3UjsbSi23OIUi_dbosAh5VqGS4uB-vA","method":"POST"} []
[2019-11-12 17:14:40] security.DEBUG: Read existing security token from the session. {"key":"_security_main","token_class":"Symfony\\Component\\Security\\Core\\Authentication\\Token\\UsernamePasswordToken"} []
[2019-11-12 17:14:40] security.DEBUG: User was reloaded from a user provider. {"provider":"PrestaShopBundle\\Security\\Admin\\EmployeeProvider","username":"mat.budnik@outlook.com"} []
[2019-11-12 17:14:41] request.CRITICAL: Uncaught PHP Exception Symfony\Component\Debug\Exception\UndefinedMethodException: "Attempted to call an undefined method named "removeMyAccountBlockHook" of class "Ps_Customeraccountlinks"." at /Applications/MAMP/htdocs/prestashop/modules/ps_customeraccountlinks/ps_customeraccountlinks.php line 66 {"exception":"[object] (Symfony\\Component\\Debug\\Exception\\UndefinedMethodException(code: 0): Attempted to call an undefined method named \"removeMyAccountBlockHook\" of class \"Ps_Customeraccountlinks\". at /Applications/MAMP/htdocs/prestashop/modules/ps_customeraccountlinks/ps_customeraccountlinks.php:66)"} []
[2019-11-12 17:14:41] security.DEBUG: Stored the security token in the session. {"key":"_security_main"} []
[2019-11-16 12:08:20] request.CRITICAL: Uncaught PHP Exception Symfony\Component\Debug\Exception\FatalThrowableError: "Call to a member function dropTables() on null" at /Applications/MAMP/htdocs/prestashop/modules/ps_linklist/ps_linklist.php line 164 {"exception":"[object] (Symfony\\Component\\Debug\\Exception\\FatalThrowableError(code: 0): Call to a member function dropTables() on null at /Applications/MAMP/htdocs/prestashop/modules/ps_linklist/ps_linklist.php:164)"} []
[2019-11-22 16:47:42] request.INFO: Matched route "admin_themes_index". {"route":"admin_themes_index","route_parameters":{"_controller":"PrestaShopBundle\\Controller\\Admin\\Improve\\Design\\ThemeController::indexAction","_legacy_controller":"AdminThemes","_legacy_link":"AdminThemes","_route":"admin_themes_index"},"request_uri":"http://localhost:8888/prestashop/admin/index.php/improve/design/themes/?_token=NyKNF86Wcyqn3p0w7kfkmOM23h7TrXtnT0RfY0QOCxM","method":"GET"} []
[2019-11-22 16:47:43] security.DEBUG: Read existing security token from the session. {"key":"_security_main","token_class":"Symfony\\Component\\Security\\Core\\Authentication\\Token\\UsernamePasswordToken"} []
[2019-11-22 16:47:43] security.DEBUG: User was reloaded from a user provider. {"provider":"PrestaShopBundle\\Security\\Admin\\EmployeeProvider","username":"mat.budnik@outlook.com"} []
[2019-11-22 16:47:43] request.CRITICAL: Uncaught PHP Exception Symfony\Component\Debug\Exception\FatalErrorException: "Compile Error: require(): Failed opening required '/Applications/MAMP/htdocs/prestashop/var/cache/prod/Container87c0md0/getSecurity_Authentication_Listener_Anonymous_MainService.php' (include_path='/Applications/MAMP/htdocs/prestashop/vendor/pear/pear_exception:/Applications/MAMP/htdocs/prestashop/vendor/pear/console_getopt:/Applications/MAMP/htdocs/prestashop/vendor/pear/pear-core-minimal/src:/Applications/MAMP/htdocs/prestashop/vendor/pear/archive_tar:.:/Applications/MAMP/bin/php/php7.3.8/lib/php')" at /Applications/MAMP/htdocs/prestashop/var/cache/prod/Container87c0md0/appProdProjectContainer.php line 1633 {"exception":"[object] (Symfony\\Component\\Debug\\Exception\\FatalErrorException(code: 0): Compile Error: require(): Failed opening required '/Applications/MAMP/htdocs/prestashop/var/cache/prod/Container87c0md0/getSecurity_Authentication_Listener_Anonymous_MainService.php' (include_path='/Applications/MAMP/htdocs/prestashop/vendor/pear/pear_exception:/Applications/MAMP/htdocs/prestashop/vendor/pear/console_getopt:/Applications/MAMP/htdocs/prestashop/vendor/pear/pear-core-minimal/src:/Applications/MAMP/htdocs/prestashop/vendor/pear/archive_tar:.:/Applications/MAMP/bin/php/php7.3.8/lib/php') at /Applications/MAMP/htdocs/prestashop/var/cache/prod/Container87c0md0/appProdProjectContainer.php:1633)"} []
[2020-01-05 16:29:02] request.CRITICAL: Uncaught PHP Exception SmartyException: "Unable to load template 'file:modal.tpl'" at /Applications/MAMP/htdocs/prestashop/vendor/smarty/smarty/libs/sysplugins/smarty_internal_template.php line 195 {"exception":"[object] (SmartyException(code: 0): Unable to load template 'file:modal.tpl' at /Applications/MAMP/htdocs/prestashop/vendor/smarty/smarty/libs/sysplugins/smarty_internal_template.php:195)"} []
